<?xml version="1.0" encoding="UTF-8"?>
<!-- Generated by org.testng.reporters.JUnitXMLReporter -->
<testsuite ignored="0" hostname="LP-213268503" failures="0" tests="4" name="Test" time="0.08" errors="0" timestamp="2025-11-22T14:21:43 IST">
  <testcase classname="demo.Depends" name="openBrowser" time="0.019"/>
  <testcase classname="demo.Depends" name="login" time="0.002"/>
  <testcase classname="demo.Depends" name="viewAccount" time="0.002"/>
  <testcase classname="demo.Depends" name="logout" time="0.002"/>
</testsuite> <!-- Test -->
