<?xml version="1.0" encoding="UTF-8"?>
<!-- Generated by org.testng.reporters.JUnitReportReporter -->
<testsuite hostname="LP-213268503" failures="0" tests="3" name="com.demo.testprioritytestNG" time="0.012" errors="0" timestamp="2025-11-11T14:52:29 IST" skipped="0">
  <testcase classname="com.demo.testprioritytestNG" name="tc" time="0.006"/>
  <testcase classname="com.demo.testprioritytestNG" name="tc1" time="0.004"/>
  <testcase classname="com.demo.testprioritytestNG" name="tc2" time="0.002"/>
</testsuite> <!-- com.demo.testprioritytestNG -->
